<?xml version="1.0" encoding="UTF-8"?>
<testng-results skipped="0" failed="0" ignored="0" total="1" passed="1">
  <reporter-output>
  </reporter-output>
  <suite name="Actv8A" duration-ms="23433" started-at="2018-12-22T07:08:46Z" finished-at="2018-12-22T07:09:09Z">
    <groups>
    </groups>
    <test name="Actv8testcases" duration-ms="23433" started-at="2018-12-22T07:08:46Z" finished-at="2018-12-22T07:09:09Z">
      <class name="com.qa.test.LoginActv8">
        <test-method status="PASS" signature="beforeClass()[pri:0, instance:com.qa.test.LoginActv8@4563e9ab]" name="beforeClass" is-config="true" duration-ms="20600" started-at="2018-12-22T12:38:46Z" finished-at="2018-12-22T12:39:07Z">
          <reporter-output>
          </reporter-output>
        </test-method> <!-- beforeClass -->
        <test-method status="PASS" signature="Login()[pri:0, instance:com.qa.test.LoginActv8@4563e9ab]" name="Login" duration-ms="2147" started-at="2018-12-22T12:39:07Z" finished-at="2018-12-22T12:39:09Z">
          <reporter-output>
          </reporter-output>
        </test-method> <!-- Login -->
        <test-method status="PASS" signature="Teardown()[pri:0, instance:com.qa.test.LoginActv8@4563e9ab]" name="Teardown" is-config="true" duration-ms="672" started-at="2018-12-22T12:39:09Z" finished-at="2018-12-22T12:39:09Z">
          <reporter-output>
          </reporter-output>
        </test-method> <!-- Teardown -->
      </class> <!-- com.qa.test.LoginActv8 -->
    </test> <!-- Actv8testcases -->
  </suite> <!-- Actv8A -->
</testng-results>
