<?xml version="1.0" encoding="UTF-8"?>
<testng-results skipped="0" failed="0" ignored="0" total="1" passed="1">
  <reporter-output>
  </reporter-output>
  <suite name="Actv8A" duration-ms="14319" started-at="2018-12-20T08:08:11Z" finished-at="2018-12-20T08:08:25Z">
    <groups>
    </groups>
    <test name="Actv8testcases" duration-ms="14319" started-at="2018-12-20T08:08:11Z" finished-at="2018-12-20T08:08:25Z">
      <class name="com.qa.test.LoginActv8">
        <test-method status="PASS" signature="beforeClass()[pri:0, instance:com.qa.test.LoginActv8@4563e9ab]" name="beforeClass" is-config="true" duration-ms="10247" started-at="2018-12-20T13:38:11Z" finished-at="2018-12-20T13:38:21Z">
          <reporter-output>
          </reporter-output>
        </test-method> <!-- beforeClass -->
        <test-method status="PASS" signature="Login()[pri:0, instance:com.qa.test.LoginActv8@4563e9ab]" name="Login" duration-ms="3408" started-at="2018-12-20T13:38:21Z" finished-at="2018-12-20T13:38:24Z">
          <reporter-output>
          </reporter-output>
        </test-method> <!-- Login -->
        <test-method status="PASS" signature="Teardown()[pri:0, instance:com.qa.test.LoginActv8@4563e9ab]" name="Teardown" is-config="true" duration-ms="651" started-at="2018-12-20T13:38:24Z" finished-at="2018-12-20T13:38:25Z">
          <reporter-output>
          </reporter-output>
        </test-method> <!-- Teardown -->
      </class> <!-- com.qa.test.LoginActv8 -->
    </test> <!-- Actv8testcases -->
  </suite> <!-- Actv8A -->
</testng-results>
