<?xml version="1.0" encoding="UTF-8"?>
<testng-results skipped="0" failed="0" ignored="0" total="1" passed="1">
  <reporter-output>
  </reporter-output>
  <suite name="Default suite" duration-ms="12501" started-at="2018-12-20T08:05:27Z" finished-at="2018-12-20T08:05:40Z">
    <groups>
    </groups>
    <test name="Default test" duration-ms="12501" started-at="2018-12-20T08:05:27Z" finished-at="2018-12-20T08:05:40Z">
      <class name="com.qa.test.LoginActv8">
        <test-method status="PASS" signature="beforeClass()[pri:0, instance:com.qa.test.LoginActv8@20e2cbe0]" name="beforeClass" is-config="true" duration-ms="9553" started-at="2018-12-20T13:35:27Z" finished-at="2018-12-20T13:35:37Z">
          <reporter-output>
          </reporter-output>
        </test-method> <!-- beforeClass -->
        <test-method status="PASS" signature="Login()[pri:0, instance:com.qa.test.LoginActv8@20e2cbe0]" name="Login" duration-ms="2188" started-at="2018-12-20T13:35:37Z" finished-at="2018-12-20T13:35:39Z">
          <reporter-output>
          </reporter-output>
        </test-method> <!-- Login -->
        <test-method status="PASS" signature="Teardown()[pri:0, instance:com.qa.test.LoginActv8@20e2cbe0]" name="Teardown" is-config="true" duration-ms="745" started-at="2018-12-20T13:35:39Z" finished-at="2018-12-20T13:35:40Z">
          <reporter-output>
          </reporter-output>
        </test-method> <!-- Teardown -->
      </class> <!-- com.qa.test.LoginActv8 -->
    </test> <!-- Default test -->
  </suite> <!-- Default suite -->
</testng-results>
